<?xml version="1.0" encoding="UTF-8"?>
<!-- Generated by org.testng.reporters.JUnitReportReporter -->
<testsuite skipped="0" hostname="Balaji" name="com.vinsys.test.BaseTest" tests="1" failures="0" timestamp="10 Jan 2019 11:03:42 GMT" time="14.523" errors="0">
  <testcase name="launchBrowser1" time="14.523" classname="com.vinsys.test.BaseTest"/>
</testsuite> <!-- com.vinsys.test.BaseTest -->
